/Users/jwest/Library/Python/3.9/lib/python/site-packages/urllib3/__init__.py:35: NotOpenSSLWarning: urllib3 v2 only supports OpenSSL 1.1.1+, currently the 'ssl' module is compiled with 'LibreSSL 2.8.3'. See: https://github.com/urllib3/urllib3/issues/3020
  warnings.warn(
 * Tip: There are .env files present. Install python-dotenv to use them.
============================================================
Demo Prep Tool - Web Interface
============================================================

✓ Web search enabled

Starting server...
Open your browser to: http://localhost:5001

Press Ctrl+C to stop
============================================================

 * Serving Flask app 'web_app'
 * Debug mode: on
[31m[1mWARNING: This is a development server. Do not use it in a production deployment. Use a production WSGI server instead.[0m
 * Running on all addresses (0.0.0.0)
 * Running on http://127.0.0.1:5001
 * Running on http://10.0.0.58:5001
[33mPress CTRL+C to quit[0m
 * Restarting with stat
/Users/jwest/Library/Python/3.9/lib/python/site-packages/urllib3/__init__.py:35: NotOpenSSLWarning: urllib3 v2 only supports OpenSSL 1.1.1+, currently the 'ssl' module is compiled with 'LibreSSL 2.8.3'. See: https://github.com/urllib3/urllib3/issues/3020
  warnings.warn(
 * Tip: There are .env files present. Install python-dotenv to use them.
 * Debugger is active!
 * Debugger PIN: 142-887-470
127.0.0.1 - - [07/Jan/2026 10:18:15] "GET / HTTP/1.1" 200 -
127.0.0.1 - - [07/Jan/2026 10:19:15] "GET / HTTP/1.1" 200 -
127.0.0.1 - - [07/Jan/2026 10:19:42] "POST /api/research HTTP/1.1" 200 -
127.0.0.1 - - [07/Jan/2026 10:20:04] "POST /api/continue HTTP/1.1" 200 -
 * Detected change in '/Users/jwest/Documents/projects/demo-prep-tool/demo_prep.py', reloading
============================================================
Demo Prep Tool - Web Interface
============================================================

✓ Web search enabled

Starting server...
Open your browser to: http://localhost:5001

Press Ctrl+C to stop
============================================================

🔍 Researching epic.com...
✓ Website scraped successfully
🔍 Gathering company information for Epic Systems...
✓ Found: LinkedIn, Crunchbase, 5 references, 3 news items
🔍 Researching epic.com...
✓ Website scraped successfully
🔍 Gathering company information for Epic Systems...
✓ Found: LinkedIn, Crunchbase, 5 references, 3 news items
🔍 Researching tech stack for Epic Systems...
✓ Found 1 technologies
🔍 Checking security vendor connections for Epic Systems...
  🔍 Checking 62 security vendors...
✓ Found 20 vendor connections
🔍 Researching security leadership for Epic Systems...
✓ Found 1 security leader(s)
🔍 Researching executive leadership for Epic Systems...
✓ Found 2 executive(s)
📝 Generating markdown document...
✓ Document generated: web_outputs/epic_20260107_102004.md
 * Restarting with stat
/Users/jwest/Library/Python/3.9/lib/python/site-packages/urllib3/__init__.py:35: NotOpenSSLWarning: urllib3 v2 only supports OpenSSL 1.1.1+, currently the 'ssl' module is compiled with 'LibreSSL 2.8.3'. See: https://github.com/urllib3/urllib3/issues/3020
  warnings.warn(
 * Tip: There are .env files present. Install python-dotenv to use them.
 * Debugger is active!
 * Debugger PIN: 142-887-470
 * Detected change in '/Users/jwest/Documents/projects/demo-prep-tool/demo_prep.py', reloading
============================================================
Demo Prep Tool - Web Interface
============================================================

✓ Web search enabled

Starting server...
Open your browser to: http://localhost:5001

Press Ctrl+C to stop
============================================================

 * Restarting with stat
/Users/jwest/Library/Python/3.9/lib/python/site-packages/urllib3/__init__.py:35: NotOpenSSLWarning: urllib3 v2 only supports OpenSSL 1.1.1+, currently the 'ssl' module is compiled with 'LibreSSL 2.8.3'. See: https://github.com/urllib3/urllib3/issues/3020
  warnings.warn(
 * Tip: There are .env files present. Install python-dotenv to use them.
 * Debugger is active!
 * Debugger PIN: 142-887-470
 * Detected change in '/Users/jwest/Documents/projects/demo-prep-tool/demo_prep.py', reloading
============================================================
Demo Prep Tool - Web Interface
============================================================

✓ Web search enabled

Starting server...
Open your browser to: http://localhost:5001

Press Ctrl+C to stop
============================================================

 * Restarting with stat
/Users/jwest/Library/Python/3.9/lib/python/site-packages/urllib3/__init__.py:35: NotOpenSSLWarning: urllib3 v2 only supports OpenSSL 1.1.1+, currently the 'ssl' module is compiled with 'LibreSSL 2.8.3'. See: https://github.com/urllib3/urllib3/issues/3020
  warnings.warn(
 * Tip: There are .env files present. Install python-dotenv to use them.
 * Debugger is active!
 * Debugger PIN: 142-887-470
 * Detected change in '/Users/jwest/Documents/projects/demo-prep-tool/demo_prep.py', reloading
============================================================
Demo Prep Tool - Web Interface
============================================================

✓ Web search enabled

Starting server...
Open your browser to: http://localhost:5001

Press Ctrl+C to stop
============================================================

 * Restarting with stat
/Users/jwest/Library/Python/3.9/lib/python/site-packages/urllib3/__init__.py:35: NotOpenSSLWarning: urllib3 v2 only supports OpenSSL 1.1.1+, currently the 'ssl' module is compiled with 'LibreSSL 2.8.3'. See: https://github.com/urllib3/urllib3/issues/3020
  warnings.warn(
 * Tip: There are .env files present. Install python-dotenv to use them.
 * Debugger is active!
 * Debugger PIN: 142-887-470
 * Detected change in '/Users/jwest/Documents/projects/demo-prep-tool/web_app.py', reloading
============================================================
Demo Prep Tool - Web Interface
============================================================

✓ Web search enabled

Starting server...
Open your browser to: http://localhost:5001

Press Ctrl+C to stop
============================================================

 * Restarting with stat
/Users/jwest/Library/Python/3.9/lib/python/site-packages/urllib3/__init__.py:35: NotOpenSSLWarning: urllib3 v2 only supports OpenSSL 1.1.1+, currently the 'ssl' module is compiled with 'LibreSSL 2.8.3'. See: https://github.com/urllib3/urllib3/issues/3020
  warnings.warn(
 * Tip: There are .env files present. Install python-dotenv to use them.
 * Debugger is active!
 * Debugger PIN: 142-887-470
 * Detected change in '/Users/jwest/Documents/projects/demo-prep-tool/web_app.py', reloading
============================================================
Demo Prep Tool - Web Interface
============================================================

✓ Web search enabled

Starting server...
Open your browser to: http://localhost:5001

Press Ctrl+C to stop
============================================================

 * Restarting with stat
/Users/jwest/Library/Python/3.9/lib/python/site-packages/urllib3/__init__.py:35: NotOpenSSLWarning: urllib3 v2 only supports OpenSSL 1.1.1+, currently the 'ssl' module is compiled with 'LibreSSL 2.8.3'. See: https://github.com/urllib3/urllib3/issues/3020
  warnings.warn(
 * Tip: There are .env files present. Install python-dotenv to use them.
 * Debugger is active!
 * Debugger PIN: 142-887-470
 * Detected change in '/Users/jwest/Documents/projects/demo-prep-tool/web_app.py', reloading
============================================================
Demo Prep Tool - Web Interface
============================================================

✓ Web search enabled

Starting server...
Open your browser to: http://localhost:5001

Press Ctrl+C to stop
============================================================

 * Restarting with stat
/Users/jwest/Library/Python/3.9/lib/python/site-packages/urllib3/__init__.py:35: NotOpenSSLWarning: urllib3 v2 only supports OpenSSL 1.1.1+, currently the 'ssl' module is compiled with 'LibreSSL 2.8.3'. See: https://github.com/urllib3/urllib3/issues/3020
  warnings.warn(
 * Tip: There are .env files present. Install python-dotenv to use them.
 * Debugger is active!
 * Debugger PIN: 142-887-470
127.0.0.1 - - [07/Jan/2026 15:30:03] "GET / HTTP/1.1" 200 -
